<?xml version="1.0" encoding="UTF-8"?>
<!-- Generated by org.testng.reporters.JUnitReportReporter -->
<testsuite hostname="Prem" failures="0" tests="2" name="com.Shopee.TestRunnerShopee" time="36.971" errors="0" timestamp="12 Jul 2024 19:28:51 GMT" skipped="0">
  <testcase classname="com.Shopee.TestRunnerShopee" name="getURL" time="14.906"/>
  <testcase classname="com.Shopee.TestRunnerShopee" name="selectCountry" time="22.065"/>
</testsuite> <!-- com.Shopee.TestRunnerShopee -->
